<?xml version="1.0" encoding="utf-8"?><testsuites name="pytest tests"><testsuite name="pytest" errors="0" failures="2" skipped="0" tests="44" time="28.463" timestamp="2026-05-26T23:34:56.434486+00:00" hostname="agent-env-9fc55697-22d3-4407-b00e-866ef263bce4"><testcase classname="backend.tests.test_mindsphere_api.TestAuth" name="test_login_demo" time="0.559" /><testcase classname="backend.tests.test_mindsphere_api.TestAuth" name="test_login_invalid" time="0.278" /><testcase classname="backend.tests.test_mindsphere_api.TestAuth" name="test_register_new_user" time="0.286" /><testcase classname="backend.tests.test_mindsphere_api.TestAuth" name="test_me_with_new_token" time="0.059" /><testcase classname="backend.tests.test_mindsphere_api.TestAuth" name="test_me_unauthorized" time="0.052" /><testcase classname="backend.tests.test_mindsphere_api.TestOnboardingVerse" name="test_onboarding_religion" time="0.398" /><testcase classname="backend.tests.test_mindsphere_api.TestOnboardingVerse" name="test_verses_today" time="0.053" /><testcase classname="backend.tests.test_mindsphere_api.TestOnboardingVerse" name="test_religions_list" time="0.053"><failure message="assert 0 &gt;= 8&#10; +  where 0 = len([])">backend/tests/test_mindsphere_api.py:98: in test_religions_list
    assert len(items) &gt;= 8
E   assert 0 &gt;= 8
E    +  where 0 = len([])</failure></testcase><testcase classname="backend.tests.test_mindsphere_api.TestMentalHealth" name="test_mh_report" time="4.698" /><testcase classname="backend.tests.test_mindsphere_api.TestMusic" name="test_music_recs" time="0.064" /><testcase classname="backend.tests.test_mindsphere_api.TestBodyScan" name="test_bodyscan_chest" time="1.498" /><testcase classname="backend.tests.test_mindsphere_api.TestGuidance" name="test_guidance[journal]" time="1.937" /><testcase classname="backend.tests.test_mindsphere_api.TestGuidance" name="test_guidance[mood]" time="0.753" /><testcase classname="backend.tests.test_mindsphere_api.TestGuidance" name="test_guidance[diet]" time="0.592" /><testcase classname="backend.tests.test_mindsphere_api.TestGuidance" name="test_guidance[exercise]" time="0.933" /><testcase classname="backend.tests.test_mindsphere_api.TestGuidance" name="test_guidance[sleep]" time="0.876" /><testcase classname="backend.tests.test_mindsphere_api.TestGuidance" name="test_guidance[lyra]" time="0.687" /><testcase classname="backend.tests.test_mindsphere_api.TestGuidance" name="test_guidance[disturbance]" time="0.781" /><testcase classname="backend.tests.test_mindsphere_api.TestGuidance" name="test_guidance[analytics]" time="2.261" /><testcase classname="backend.tests.test_mindsphere_api.TestGuidance" name="test_guidance[assessments]" time="1.650" /><testcase classname="backend.tests.test_mindsphere_api.TestGuidance" name="test_guidance[appointments]" time="0.798" /><testcase classname="backend.tests.test_mindsphere_api.TestDashboard" name="test_dashboard" time="0.064" /><testcase classname="backend.tests.test_mindsphere_api.TestJournal" name="test_create_journal" time="0.883" /><testcase classname="backend.tests.test_mindsphere_api.TestJournal" name="test_list_journal" time="0.051" /><testcase classname="backend.tests.test_mindsphere_api.TestMood" name="test_log_mood" time="0.051" /><testcase classname="backend.tests.test_mindsphere_api.TestMood" name="test_list_mood" time="0.052" /><testcase classname="backend.tests.test_mindsphere_api.TestChat" name="test_chat_send" time="1.002" /><testcase classname="backend.tests.test_mindsphere_api.TestChat" name="test_chat_history" time="0.055" /><testcase classname="backend.tests.test_mindsphere_api.TestDiet" name="test_diet_plan" time="0.059" /><testcase classname="backend.tests.test_mindsphere_api.TestDiet" name="test_diet_regenerate" time="0.057"><failure message="assert 422 == 200&#10; +  where 422 = &lt;Response [422]&gt;.status_code">backend/tests/test_mindsphere_api.py:231: in test_diet_regenerate
    assert r.status_code == 200
E   assert 422 == 200
E    +  where 422 = &lt;Response [422]&gt;.status_code</failure></testcase><testcase classname="backend.tests.test_mindsphere_api.TestExercise" name="test_library" time="0.058" /><testcase classname="backend.tests.test_mindsphere_api.TestExercise" name="test_today" time="0.062" /><testcase classname="backend.tests.test_mindsphere_api.TestExercise" name="test_complete" time="0.116" /><testcase classname="backend.tests.test_mindsphere_api.TestAssessments" name="test_defs" time="0.055" /><testcase classname="backend.tests.test_mindsphere_api.TestAssessments" name="test_submit_phq9" time="1.370" /><testcase classname="backend.tests.test_mindsphere_api.TestAppointments" name="test_create_list_delete" time="0.874" /><testcase classname="backend.tests.test_mindsphere_api.TestSleep" name="test_log_and_list" time="0.113" /><testcase classname="backend.tests.test_mindsphere_api.TestSleep" name="test_coach" time="1.037" /><testcase classname="backend.tests.test_mindsphere_api.TestAnalytics" name="test_summary" time="0.056" /><testcase classname="backend.tests.test_mindsphere_api.TestDisturbance" name="test_scan" time="0.057" /><testcase classname="backend.tests.test_mindsphere_api.TestDisturbance" name="test_vision" time="1.964" /><testcase classname="backend.tests.test_mindsphere_api.TestContent" name="test_meditations" time="0.059" /><testcase classname="backend.tests.test_mindsphere_api.TestContent" name="test_resources" time="0.052" /><testcase classname="backend.tests.test_mindsphere_api.TestVoice" name="test_opener" time="0.706" /></testsuite></testsuites>